
Gurobi 6.0.0 (linux64) logging started Mon 02 Mar 2015 03:45:13 PM CET


Gurobi 6.0.0 (linux64) logging started Mon 02 Mar 2015 03:46:14 PM CET

Optimize a model with 1956 rows, 2756 columns and 10828 nonzeros
Coefficient statistics:
  Matrix range    [1e+00, 8e+01]
  Objective range [2e+00, 5e+01]
  Bounds range    [1e+00, 3e+01]
  RHS range       [1e+00, 3e+01]
Found heuristic solution: objective 1261.6
Presolve removed 659 rows and 711 columns
Presolve time: 0.13s
Presolved: 1297 rows, 2045 columns, 7187 nonzeros
Variable types: 36 continuous, 2009 integer (2009 binary)

Root relaxation: objective 3.397672e+02, 184 iterations, 0.01 seconds

    Nodes    |    Current Node    |     Objective Bounds      |     Work
 Expl Unexpl |  Obj  Depth IntInf | Incumbent    BestBd   Gap | It/Node Time

     0     0  339.76721    0   51 1261.60000  339.76721  73.1%     -    0s
H    0     0                     406.8000000  339.76721  16.5%     -    0s
H    0     0                     372.9000000  339.76721  8.89%     -    0s
     0     0  360.10000    0   56  372.90000  360.10000  3.43%     -    0s
     0     0  361.60000    0   20  372.90000  361.60000  3.03%     -    0s
     0     0  361.60000    0   52  372.90000  361.60000  3.03%     -    0s
     0     0  361.60000    0   34  372.90000  361.60000  3.03%     -    1s
     0     0  362.77266    0   72  372.90000  362.77266  2.72%     -    1s
     0     0  362.77266    0   72  372.90000  362.77266  2.72%     -    2s
     0     0  362.77266    0   58  372.90000  362.77266  2.72%     -    2s
     0     0  362.77266    0   52  372.90000  362.77266  2.72%     -    4s
H    0     0                     372.3000000  362.77266  2.56%     -    4s
     0     0  362.77266    0   76  372.30000  362.77266  2.56%     -    4s
     0     0  362.89549    0   62  372.30000  362.89549  2.53%     -    5s
     0     0  362.89549    0   62  372.30000  362.89549  2.53%     -    5s
     0     0  362.89549    0   56  372.30000  362.89549  2.53%     -    6s
     0     2  362.89549    0   52  372.30000  362.89549  2.53%     -    6s
  1942   164 infeasible   18       372.30000  370.81282  0.40%   6.1   10s

Cutting planes:
  Learned: 9
  Gomory: 13
  Implied bound: 36
  MIR: 14

Explored 3240 nodes (19608 simplex iterations) in 10.96 seconds
Thread count was 8 (of 8 available processors)

Optimal solution found (tolerance 1.00e-04)
Best objective 3.723000000000e+02, best bound 3.723000000000e+02, gap 0.0%
Optimize a model with 1956 rows, 2756 columns and 10828 nonzeros
Coefficient statistics:
  Matrix range    [1e+00, 8e+01]
  Objective range [2e+00, 5e+01]
  Bounds range    [1e+00, 3e+01]
  RHS range       [1e+00, 3e+01]
Found heuristic solution: objective 1261.6
Presolve removed 659 rows and 711 columns
Presolve time: 0.13s
Presolved: 1297 rows, 2045 columns, 7187 nonzeros
Variable types: 36 continuous, 2009 integer (2009 binary)

Root relaxation: objective 3.397672e+02, 184 iterations, 0.01 seconds

    Nodes    |    Current Node    |     Objective Bounds      |     Work
 Expl Unexpl |  Obj  Depth IntInf | Incumbent    BestBd   Gap | It/Node Time

     0     0  339.76721    0   51 1261.60000  339.76721  73.1%     -    0s
H    0     0                     406.8000000  339.76721  16.5%     -    0s
H    0     0                     372.9000000  339.76721  8.89%     -    0s
     0     0  360.10000    0   56  372.90000  360.10000  3.43%     -    0s
     0     0  361.60000    0   20  372.90000  361.60000  3.03%     -    0s
     0     0  361.60000    0   52  372.90000  361.60000  3.03%     -    0s
     0     0  361.60000    0   34  372.90000  361.60000  3.03%     -    1s
     0     0  362.77266    0   72  372.90000  362.77266  2.72%     -    1s
     0     0  362.77266    0   72  372.90000  362.77266  2.72%     -    2s
     0     0  362.77266    0   58  372.90000  362.77266  2.72%     -    2s
     0     0  362.77266    0   52  372.90000  362.77266  2.72%     -    4s
H    0     0                     372.3000000  362.77266  2.56%     -    4s
     0     0  362.77266    0   76  372.30000  362.77266  2.56%     -    4s
     0     0  362.89549    0   62  372.30000  362.89549  2.53%     -    5s
     0     0  362.89549    0   62  372.30000  362.89549  2.53%     -    5s
     0     0  362.89549    0   56  372.30000  362.89549  2.53%     -    6s
     0     2  362.89549    0   52  372.30000  362.89549  2.53%     -    6s
  1942   164 infeasible   18       372.30000  370.81282  0.40%   6.1   10s

Cutting planes:
  Learned: 9
  Gomory: 13
  Implied bound: 36
  MIR: 14

Explored 3240 nodes (19608 simplex iterations) in 10.96 seconds
Thread count was 8 (of 8 available processors)

Optimal solution found (tolerance 1.00e-04)
Best objective 3.723000000000e+02, best bound 3.723000000000e+02, gap 0.0%
Optimize a model with 2532 rows, 2756 columns and 12012 nonzeros
Coefficient statistics:
  Matrix range    [1e+00, 9e+01]
  Objective range [2e+00, 5e+01]
  Bounds range    [1e+00, 3e+01]
  RHS range       [1e+00, 3e+01]
Presolve removed 1934 rows and 1991 columns
Presolve time: 0.01s

Explored 0 nodes (0 simplex iterations) in 0.02 seconds
Thread count was 1 (of 8 available processors)

Model is infeasible
Best objective -, best bound -, gap -
Optimize a model with 2532 rows, 2756 columns and 12012 nonzeros
Coefficient statistics:
  Matrix range    [1e+00, 1e+02]
  Objective range [2e+00, 5e+01]
  Bounds range    [1e+00, 5e+01]
  RHS range       [1e+00, 5e+01]
Presolve removed 503 rows and 1503 columns
Presolve time: 0.09s

Explored 0 nodes (0 simplex iterations) in 0.10 seconds
Thread count was 1 (of 8 available processors)

Model is infeasible
Best objective -, best bound -, gap -
Optimize a model with 2532 rows, 2756 columns and 12012 nonzeros
Coefficient statistics:
  Matrix range    [1e+00, 1e+02]
  Objective range [2e+00, 5e+01]
  Bounds range    [1e+00, 5e+01]
  RHS range       [1e+00, 5e+01]
Presolve removed 551 rows and 587 columns
Presolve time: 0.19s
Presolved: 1981 rows, 2169 columns, 8940 nonzeros
Variable types: 0 continuous, 2169 integer (2133 binary)

Root relaxation: objective 2.489539e+02, 212 iterations, 0.01 seconds

    Nodes    |    Current Node    |     Objective Bounds      |     Work
 Expl Unexpl |  Obj  Depth IntInf | Incumbent    BestBd   Gap | It/Node Time

     0     0  248.95385    0   69          -  248.95385      -     -    0s
     0     0  274.15000    0   71          -  274.15000      -     -    0s
     0     0  275.60000    0   81          -  275.60000      -     -    0s
     0     0  275.70000    0   84          -  275.70000      -     -    0s
     0     0  275.70000    0   65          -  275.70000      -     -    1s
     0     2  275.70000    0   62          -  275.70000      -     -    5s
   793   674  321.98283   59   24          -  275.89996      -   6.3   10s
* 1300  1027             143     371.9000000  275.89996  25.8%   6.5   11s
* 1303  1027             145     367.7000000  275.89996  25.0%   6.5   11s
H 1495  1026                     343.3000000  275.95000  19.6%   6.4   14s
H 1506  1030                     340.4000000  275.95000  18.9%   6.4   14s
  1717  1168  313.99901   78   65  340.40000  275.95000  18.9%   6.8   17s
H 1718  1110                     338.2000000  275.95000  18.4%   6.8   20s
  1721  1112  284.02489   22  111  338.20000  276.46798  18.3%   6.8   26s
  1723  1113  330.34621   94   76  338.20000  283.85000  16.1%   6.8   31s
  1725  1114  287.51148   50  100  338.20000  284.79953  15.8%   6.8   37s
  1727  1116  284.97184   10   97  338.20000  284.97184  15.7%   6.8   42s
  1729  1117  285.11737   12  102  338.20000  285.11737  15.7%   6.8   46s
  1731  1118  285.12161   18  110  338.20000  285.12161  15.7%   6.8   52s
  1733  1120  310.20572   78  121  338.20000  285.12468  15.7%   6.8   60s

Cutting planes:
  Learned: 8
  Gomory: 13
  Clique: 1
  MIR: 2
  Flow cover: 7
  Zero half: 15

Explored 1735 nodes (13937 simplex iterations) in 62.95 seconds
Thread count was 8 (of 8 available processors)

Solve interrupted
Best objective 3.382000000000e+02, best bound 2.852000000000e+02, gap 15.6712%
Optimize a model with 2532 rows, 2756 columns and 12012 nonzeros
Coefficient statistics:
  Matrix range    [1e+00, 2e+02]
  Objective range [2e+00, 5e+01]
  Bounds range    [1e+00, 1e+02]
  RHS range       [1e+00, 1e+02]
Found heuristic solution: objective 1407.6
Presolve removed 16 rows and 52 columns
Presolve time: 0.07s
Presolved: 2516 rows, 2704 columns, 11420 nonzeros
Variable types: 0 continuous, 2704 integer (2668 binary)

Root relaxation: objective 2.421160e+02, 201 iterations, 0.01 seconds

    Nodes    |    Current Node    |     Objective Bounds      |     Work
 Expl Unexpl |  Obj  Depth IntInf | Incumbent    BestBd   Gap | It/Node Time

     0     0  242.11604    0   80 1407.60000  242.11604  82.8%     -    0s
H    0     0                     651.5000000  242.11604  62.8%     -    0s
H    0     0                     377.0000000  242.11604  35.8%     -    0s
     0     0  275.35000    0   76  377.00000  275.35000  27.0%     -    0s
     0     0  275.35000    0   79  377.00000  275.35000  27.0%     -    0s
     0     0  275.70000    0   32  377.00000  275.70000  26.9%     -    0s
     0     0  275.70000    0   36  377.00000  275.70000  26.9%     -    0s
     0     0  275.70000    0   31  377.00000  275.70000  26.9%     -    1s
     0     2  275.70000    0   30  377.00000  275.70000  26.9%     -    1s
*   25    31               4     293.2000000  278.14444  5.13%  15.9    3s
*   64    50               5     287.7000000  278.14444  3.32%  14.5    4s
*   66    49               5     286.1000000  278.14444  2.78%  14.2    4s
   292   124  285.32154   16    9  286.10000  284.50000  0.56%  10.7    5s
*  429   143              13     286.0000000  284.50000  0.52%   9.9    5s
  1825   175  285.72706   16   10  286.00000  284.93810  0.37%   8.3   10s

Cutting planes:
  Learned: 15
  Gomory: 8
  Implied bound: 54
  MIR: 18

Explored 2880 nodes (23876 simplex iterations) in 11.97 seconds
Thread count was 8 (of 8 available processors)

Optimal solution found (tolerance 1.00e-04)
Best objective 2.860000000000e+02, best bound 2.860000000000e+02, gap 0.0%
Optimize a model with 2532 rows, 2756 columns and 12012 nonzeros
Coefficient statistics:
  Matrix range    [1e+00, 1e+02]
  Objective range [2e+00, 5e+01]
  Bounds range    [1e+00, 9e+01]
  RHS range       [1e+00, 9e+01]
Found heuristic solution: objective 1167.5
Presolve removed 16 rows and 52 columns
Presolve time: 0.07s
Presolved: 2516 rows, 2704 columns, 11420 nonzeros
Variable types: 0 continuous, 2704 integer (2668 binary)

Root relaxation: objective 2.437959e+02, 214 iterations, 0.01 seconds

    Nodes    |    Current Node    |     Objective Bounds      |     Work
 Expl Unexpl |  Obj  Depth IntInf | Incumbent    BestBd   Gap | It/Node Time

     0     0  243.79594    0   83 1167.50000  243.79594  79.1%     -    0s
H    0     0                     329.1000000  243.79594  25.9%     -    0s
     0     0  275.35000    0   79  329.10000  275.35000  16.3%     -    0s
     0     0  275.35000    0   81  329.10000  275.35000  16.3%     -    0s
     0     0  275.35000    0   58  329.10000  275.35000  16.3%     -    1s
     0     2  275.35000    0   57  329.10000  275.35000  16.3%     -    1s
H  178   109                     287.4000000  284.50000  1.01%   7.9    7s
H  179   109                     287.1000000  284.50000  0.91%   7.9    7s
   995   350  285.18662   15   56  287.10000  284.50000  0.91%   6.7   10s
  3632   816  285.80000   13   40  287.10000  284.98830  0.74%   7.3   15s
  5847   794 infeasible   17       287.10000  285.40000  0.59%   7.5   20s
  8103   664 infeasible   17       287.10000  285.80000  0.45%   7.5   25s
 10592   150  286.24667   16   47  287.10000  286.10000  0.35%   7.7   31s

Cutting planes:
  Learned: 19
  Gomory: 7
  Implied bound: 91
  MIR: 14

Explored 11466 nodes (88596 simplex iterations) in 32.00 seconds
Thread count was 8 (of 8 available processors)

Optimal solution found (tolerance 1.00e-04)
Best objective 2.871000000000e+02, best bound 2.871000000000e+02, gap 0.0%
Optimize a model with 2532 rows, 2756 columns and 12012 nonzeros
Coefficient statistics:
  Matrix range    [1e+00, 1e+02]
  Objective range [2e+00, 5e+01]
  Bounds range    [1e+00, 9e+01]
  RHS range       [1e+00, 9e+01]
Found heuristic solution: objective 1167.5
Presolve removed 16 rows and 52 columns
Presolve time: 0.07s
Presolved: 2516 rows, 2704 columns, 11420 nonzeros
Variable types: 0 continuous, 2704 integer (2668 binary)

Root relaxation: objective 2.437959e+02, 214 iterations, 0.01 seconds

    Nodes    |    Current Node    |     Objective Bounds      |     Work
 Expl Unexpl |  Obj  Depth IntInf | Incumbent    BestBd   Gap | It/Node Time

     0     0  243.79594    0   83 1167.50000  243.79594  79.1%     -    0s
H    0     0                     329.1000000  243.79594  25.9%     -    0s
     0     0  275.35000    0   79  329.10000  275.35000  16.3%     -    0s
     0     0  275.35000    0   81  329.10000  275.35000  16.3%     -    0s
     0     0  275.35000    0   58  329.10000  275.35000  16.3%     -    0s
     0     2  275.35000    0   57  329.10000  275.35000  16.3%     -    1s
H  178   109                     287.4000000  284.50000  1.01%   7.9    7s
H  179   109                     287.1000000  284.50000  0.91%   7.9    7s
   995   350  285.18662   15   56  287.10000  284.50000  0.91%   6.7   10s
  3632   816  285.80000   13   40  287.10000  284.98830  0.74%   7.3   15s
  5847   794 infeasible   17       287.10000  285.40000  0.59%   7.5   20s
  8557   545  285.83800   16   41  287.10000  285.80215  0.45%   7.5   26s
 10592   150  286.24667   16   47  287.10000  286.10000  0.35%   7.7   31s

Cutting planes:
  Learned: 19
  Gomory: 7
  Implied bound: 91
  MIR: 14

Explored 11466 nodes (88596 simplex iterations) in 31.85 seconds
Thread count was 8 (of 8 available processors)

Optimal solution found (tolerance 1.00e-04)
Best objective 2.871000000000e+02, best bound 2.871000000000e+02, gap 0.0%
Optimize a model with 2532 rows, 2756 columns and 12012 nonzeros
Coefficient statistics:
  Matrix range    [1e+00, 1e+02]
  Objective range [2e+00, 5e+01]
  Bounds range    [1e+00, 9e+01]
  RHS range       [1e+00, 9e+01]
Found heuristic solution: objective 1167.5
Presolve removed 16 rows and 52 columns
Presolve time: 0.07s
Presolved: 2516 rows, 2704 columns, 11420 nonzeros
Variable types: 0 continuous, 2704 integer (2668 binary)

Root relaxation: objective 2.437959e+02, 214 iterations, 0.01 seconds

    Nodes    |    Current Node    |     Objective Bounds      |     Work
 Expl Unexpl |  Obj  Depth IntInf | Incumbent    BestBd   Gap | It/Node Time

     0     0  243.79594    0   83 1167.50000  243.79594  79.1%     -    0s
H    0     0                     329.1000000  243.79594  25.9%     -    0s
     0     0  275.35000    0   79  329.10000  275.35000  16.3%     -    0s
     0     0  275.35000    0   81  329.10000  275.35000  16.3%     -    0s
     0     0  275.35000    0   58  329.10000  275.35000  16.3%     -    1s
     0     2  275.35000    0   57  329.10000  275.35000  16.3%     -    1s
H  178   109                     287.4000000  284.50000  1.01%   7.9    7s
H  179   109                     287.1000000  284.50000  0.91%   7.9    7s
   995   350  285.18662   15   56  287.10000  284.50000  0.91%   6.7   10s
  3632   816  285.80000   13   40  287.10000  284.98830  0.74%   7.3   15s
  5847   794 infeasible   17       287.10000  285.40000  0.59%   7.5   20s
  8557   545  285.83800   16   41  287.10000  285.80215  0.45%   7.5   26s
 10592   150  286.24667   16   47  287.10000  286.10000  0.35%   7.7   31s

Cutting planes:
  Learned: 19
  Gomory: 7
  Implied bound: 91
  MIR: 14

Explored 11466 nodes (88596 simplex iterations) in 31.93 seconds
Thread count was 8 (of 8 available processors)

Optimal solution found (tolerance 1.00e-04)
Best objective 2.871000000000e+02, best bound 2.871000000000e+02, gap 0.0%
Optimize a model with 2532 rows, 2756 columns and 12012 nonzeros
Coefficient statistics:
  Matrix range    [1e+00, 2e+02]
  Objective range [2e+00, 5e+01]
  Bounds range    [1e+00, 2e+02]
  RHS range       [1e+00, 2e+02]
Found heuristic solution: objective 1407
Presolve removed 16 rows and 52 columns
Presolve time: 0.07s
Presolved: 2516 rows, 2704 columns, 11420 nonzeros
Variable types: 0 continuous, 2704 integer (2668 binary)

Root relaxation: objective 2.410867e+02, 208 iterations, 0.01 seconds

    Nodes    |    Current Node    |     Objective Bounds      |     Work
 Expl Unexpl |  Obj  Depth IntInf | Incumbent    BestBd   Gap | It/Node Time

     0     0  241.08672    0   85 1407.00000  241.08672  82.9%     -    0s
H    0     0                    1189.4000000  241.08672  79.7%     -    0s
H    0     0                     634.8000000  241.08672  62.0%     -    0s
H    0     0                     318.3000000  241.08672  24.3%     -    0s
     0     0  275.35000    0   73  318.30000  275.35000  13.5%     -    0s
     0     0  275.35000    0   81  318.30000  275.35000  13.5%     -    0s
     0     0  275.70000    0   32  318.30000  275.70000  13.4%     -    0s
     0     0  275.70000    0   29  318.30000  275.70000  13.4%     -    0s
     0     0  275.70000    0   33  318.30000  275.70000  13.4%     -    0s
     0     0  275.70000    0   28  318.30000  275.70000  13.4%     -    0s
     0     0  275.70000    0   26  318.30000  275.70000  13.4%     -    0s
     0     0  275.70000    0   28  318.30000  275.70000  13.4%     -    0s
     0     0  275.70000    0   28  318.30000  275.70000  13.4%     -    1s
     0     2  275.70000    0   28  318.30000  275.70000  13.4%     -    1s
*   22    27               4     293.2000000  284.50000  2.97%  15.4    3s
H   45    27                     286.1000000  284.50000  0.56%  12.4    4s
   135    57  285.07532   12   45  286.10000  284.50000  0.56%  10.4    5s
H  276    96                     286.0000000  284.57013  0.50%  10.0    5s

Cutting planes:
  Learned: 14
  Gomory: 6
  Implied bound: 50
  MIR: 13
  Zero half: 1
  Mod-K: 2

Explored 1204 nodes (12693 simplex iterations) in 8.66 seconds
Thread count was 8 (of 8 available processors)

Optimal solution found (tolerance 1.00e-04)
Best objective 2.860000000000e+02, best bound 2.860000000000e+02, gap 0.0%
Optimize a model with 2532 rows, 2756 columns and 12012 nonzeros
Coefficient statistics:
  Matrix range    [1e+00, 2e+02]
  Objective range [2e+00, 5e+01]
  Bounds range    [1e+00, 2e+02]
  RHS range       [1e+00, 2e+02]
Found heuristic solution: objective 1407
Presolve removed 16 rows and 52 columns
Presolve time: 0.07s
Presolved: 2516 rows, 2704 columns, 11420 nonzeros
Variable types: 0 continuous, 2704 integer (2668 binary)

Root relaxation: objective 2.410867e+02, 208 iterations, 0.01 seconds

    Nodes    |    Current Node    |     Objective Bounds      |     Work
 Expl Unexpl |  Obj  Depth IntInf | Incumbent    BestBd   Gap | It/Node Time

     0     0  241.08672    0   85 1407.00000  241.08672  82.9%     -    0s
H    0     0                    1189.4000000  241.08672  79.7%     -    0s
H    0     0                     634.8000000  241.08672  62.0%     -    0s
H    0     0                     318.3000000  241.08672  24.3%     -    0s
     0     0  275.35000    0   73  318.30000  275.35000  13.5%     -    0s
     0     0  275.35000    0   81  318.30000  275.35000  13.5%     -    0s
     0     0  275.70000    0   32  318.30000  275.70000  13.4%     -    0s
     0     0  275.70000    0   29  318.30000  275.70000  13.4%     -    0s
     0     0  275.70000    0   33  318.30000  275.70000  13.4%     -    0s
     0     0  275.70000    0   28  318.30000  275.70000  13.4%     -    0s
     0     0  275.70000    0   26  318.30000  275.70000  13.4%     -    0s
     0     0  275.70000    0   28  318.30000  275.70000  13.4%     -    0s
     0     0  275.70000    0   28  318.30000  275.70000  13.4%     -    1s
     0     2  275.70000    0   28  318.30000  275.70000  13.4%     -    1s
*   22    27               4     293.2000000  284.50000  2.97%  15.4    3s
H   45    27                     286.1000000  284.50000  0.56%  12.4    4s
   135    57  285.07532   12   45  286.10000  284.50000  0.56%  10.4    5s
H  276    96                     286.0000000  284.57013  0.50%  10.0    5s

Cutting planes:
  Learned: 14
  Gomory: 6
  Implied bound: 50
  MIR: 13
  Zero half: 1
  Mod-K: 2

Explored 1204 nodes (12693 simplex iterations) in 8.69 seconds
Thread count was 8 (of 8 available processors)

Optimal solution found (tolerance 1.00e-04)
Best objective 2.860000000000e+02, best bound 2.860000000000e+02, gap 0.0%
Optimize a model with 2532 rows, 2756 columns and 10860 nonzeros
Coefficient statistics:
  Matrix range    [1e+00, 2e+02]
  Objective range [2e+00, 5e+01]
  Bounds range    [1e+00, 2e+02]
  RHS range       [1e+00, 2e+02]
Presolve removed 16 rows and 52 columns
Presolve time: 0.06s
Presolved: 2516 rows, 2704 columns, 10268 nonzeros
Variable types: 0 continuous, 2704 integer (2668 binary)

Root relaxation: objective 2.691289e+02, 172 iterations, 0.01 seconds

    Nodes    |    Current Node    |     Objective Bounds      |     Work
 Expl Unexpl |  Obj  Depth IntInf | Incumbent    BestBd   Gap | It/Node Time

     0     0  269.12893    0   89          -  269.12893      -     -    0s
     0     0  319.40000    0   85          -  319.40000      -     -    0s
     0     0  319.40000    0  101          -  319.40000      -     -    0s
     0     0  320.70000    0   98          -  320.70000      -     -    0s
     0     0  320.70000    0  105          -  320.70000      -     -    0s
     0     0  320.70000    0   76          -  320.70000      -     -    1s
     0     0  320.70000    0  102          -  320.70000      -     -    1s
     0     0  320.70000    0   74          -  320.70000      -     -    1s
     0     0  320.70000    0   85          -  320.70000      -     -    1s
     0     0  320.70000    0   69          -  320.70000      -     -    2s
     0     2  320.70000    0   69          -  320.70000      -     -    7s
   122   130  324.31055   16   78          -  320.70000      -  28.5   10s
   900   859  384.71596  223   34          -  320.70000      -  12.5   15s
  1698  1460  365.25456   55   45          -  320.83058      -  13.2   20s
  2112  1748  345.60002   26   98          -  320.83058      -  13.0   26s
  2114  1750  358.63319   43  100          -  320.83058      -  13.0   33s
  2115  1750  348.73157   39   94          -  321.19831      -  13.0   35s

Cutting planes:
  Learned: 14
  Gomory: 11
  Implied bound: 7
  MIR: 3
  Flow cover: 3
  Zero half: 13

Explored 2115 nodes (31364 simplex iterations) in 36.52 seconds
Thread count was 8 (of 8 available processors)

Solve interrupted
Best objective -, best bound 3.220000000000e+02, gap -
Optimize a model with 2532 rows, 2756 columns and 11436 nonzeros
Coefficient statistics:
  Matrix range    [1e+00, 2e+02]
  Objective range [2e+00, 5e+01]
  Bounds range    [1e+00, 2e+02]
  RHS range       [1e+00, 2e+02]
Presolve removed 16 rows and 52 columns
Presolve time: 0.07s
Presolved: 2516 rows, 2704 columns, 10844 nonzeros
Variable types: 0 continuous, 2704 integer (2668 binary)

Root relaxation: objective 3.207289e+02, 298 iterations, 0.02 seconds

    Nodes    |    Current Node    |     Objective Bounds      |     Work
 Expl Unexpl |  Obj  Depth IntInf | Incumbent    BestBd   Gap | It/Node Time

     0     0  320.72893    0   94          -  320.72893      -     -    0s
     0     0  371.00000    0  104          -  371.00000      -     -    0s
     0     0  371.00000    0  113          -  371.00000      -     -    0s
     0     0  372.30000    0   68          -  372.30000      -     -    0s
     0     0  372.30000    0   97          -  372.30000      -     -    1s
     0     0  372.30000    0   89          -  372.30000      -     -    1s
     0     0  372.30000    0   88          -  372.30000      -     -    1s
     0     0  372.30000    0   88          -  372.30000      -     -    2s
     0     2  372.30000    0   80          -  372.30000      -     -    7s
   119   120  374.06971   13   73          -  372.30000      -  26.9   10s

Cutting planes:
  Learned: 15
  Gomory: 6
  Implied bound: 65
  MIR: 16

Explored 161 nodes (5769 simplex iterations) in 10.23 seconds
Thread count was 8 (of 8 available processors)

Solve interrupted
Best objective -, best bound 3.723000000000e+02, gap -
Optimize a model with 2532 rows, 2756 columns and 12012 nonzeros
Coefficient statistics:
  Matrix range    [1e+00, 2e+02]
  Objective range [2e+00, 5e+01]
  Bounds range    [1e+00, 2e+02]
  RHS range       [1e+00, 2e+02]
Found heuristic solution: objective 1407
Presolve removed 16 rows and 52 columns
Presolve time: 0.07s
Presolved: 2516 rows, 2704 columns, 11420 nonzeros
Variable types: 0 continuous, 2704 integer (2668 binary)

Root relaxation: objective 2.410867e+02, 208 iterations, 0.01 seconds

    Nodes    |    Current Node    |     Objective Bounds      |     Work
 Expl Unexpl |  Obj  Depth IntInf | Incumbent    BestBd   Gap | It/Node Time

     0     0  241.08672    0   85 1407.00000  241.08672  82.9%     -    0s
H    0     0                    1189.4000000  241.08672  79.7%     -    0s
H    0     0                     634.8000000  241.08672  62.0%     -    0s
H    0     0                     318.3000000  241.08672  24.3%     -    0s
     0     0  275.35000    0   73  318.30000  275.35000  13.5%     -    0s
     0     0  275.35000    0   81  318.30000  275.35000  13.5%     -    0s
     0     0  275.70000    0   32  318.30000  275.70000  13.4%     -    0s
     0     0  275.70000    0   29  318.30000  275.70000  13.4%     -    0s
     0     0  275.70000    0   33  318.30000  275.70000  13.4%     -    0s
     0     0  275.70000    0   28  318.30000  275.70000  13.4%     -    0s
     0     0  275.70000    0   26  318.30000  275.70000  13.4%     -    0s
     0     0  275.70000    0   28  318.30000  275.70000  13.4%     -    0s
     0     0  275.70000    0   28  318.30000  275.70000  13.4%     -    1s
     0     2  275.70000    0   28  318.30000  275.70000  13.4%     -    1s
*   22    27               4     293.2000000  284.50000  2.97%  15.4    3s
H   45    27                     286.1000000  284.50000  0.56%  12.4    4s
   256    91  284.67013    9   42  286.10000  284.57013  0.53%   9.9    5s
H  276    96                     286.0000000  284.57013  0.50%  10.0    5s

Cutting planes:
  Learned: 14
  Gomory: 6
  Implied bound: 50
  MIR: 13
  Zero half: 1
  Mod-K: 2

Explored 1204 nodes (12693 simplex iterations) in 8.39 seconds
Thread count was 8 (of 8 available processors)

Optimal solution found (tolerance 1.00e-04)
Best objective 2.860000000000e+02, best bound 2.860000000000e+02, gap 0.0%
Optimize a model with 2532 rows, 2756 columns and 11436 nonzeros
Coefficient statistics:
  Matrix range    [1e+00, 2e+02]
  Objective range [2e+00, 5e+01]
  Bounds range    [1e+00, 2e+02]
  RHS range       [1e+00, 2e+02]
Presolve removed 16 rows and 52 columns
Presolve time: 0.07s
Presolved: 2516 rows, 2704 columns, 10844 nonzeros
Variable types: 0 continuous, 2704 integer (2668 binary)

Root relaxation: objective 3.207289e+02, 363 iterations, 0.04 seconds

    Nodes    |    Current Node    |     Objective Bounds      |     Work
 Expl Unexpl |  Obj  Depth IntInf | Incumbent    BestBd   Gap | It/Node Time

     0     0  320.72893    0   88          -  320.72893      -     -    0s
     0     0  371.00000    0   91          -  371.00000      -     -    0s
     0     0  371.00000    0  111          -  371.00000      -     -    0s
     0     0  372.30000    0   86          -  372.30000      -     -    0s
     0     0  372.30000    0  109          -  372.30000      -     -    1s
     0     0  372.30000    0   83          -  372.30000      -     -    1s
     0     0  372.30000    0   91          -  372.30000      -     -    1s
     0     0  372.30000    0   85          -  372.30000      -     -    1s
     0     0  372.30000    0   54          -  372.30000      -     -    1s
     0     0  372.30000    0   86          -  372.30000      -     -    2s
     0     0  372.30000    0   86          -  372.30000      -     -    2s
     0     2  372.30000    0   84          -  372.30000      -     -    7s
   129   127  375.75611   13   92          -  372.30000      -  24.7   10s
   595   582  401.40498   52   47          -  372.30000      -  17.9   15s
  1221  1104  384.27198   34   63          -  372.30000      -  17.7   20s
  2129  1849 infeasible   79               -  372.30000      -  17.7   26s
  2403  2058  385.52642   28  102          -  372.30000      -  17.3   32s
  2404  2059  377.48280   20   90          -  372.30000      -  17.3   35s

Cutting planes:
  Learned: 15
  Gomory: 8
  Implied bound: 10
  MIR: 1
  Zero half: 12

Explored 2405 nodes (45845 simplex iterations) in 40.14 seconds
Thread count was 8 (of 8 available processors)

Solve interrupted
Best objective -, best bound 3.723000000000e+02, gap -
Optimize a model with 2532 rows, 2756 columns and 12012 nonzeros
Coefficient statistics:
  Matrix range    [1e+00, 2e+02]
  Objective range [2e+00, 5e+01]
  Bounds range    [1e+00, 2e+02]
  RHS range       [1e+00, 2e+02]
Found heuristic solution: objective 1407
Presolve removed 16 rows and 52 columns
Presolve time: 0.07s
Presolved: 2516 rows, 2704 columns, 11420 nonzeros
Variable types: 0 continuous, 2704 integer (2668 binary)

Root relaxation: objective 2.410867e+02, 208 iterations, 0.01 seconds

    Nodes    |    Current Node    |     Objective Bounds      |     Work
 Expl Unexpl |  Obj  Depth IntInf | Incumbent    BestBd   Gap | It/Node Time

     0     0  241.08672    0   85 1407.00000  241.08672  82.9%     -    0s
H    0     0                    1189.4000000  241.08672  79.7%     -    0s
H    0     0                     634.8000000  241.08672  62.0%     -    0s
H    0     0                     318.3000000  241.08672  24.3%     -    0s
     0     0  275.35000    0   73  318.30000  275.35000  13.5%     -    0s
     0     0  275.35000    0   81  318.30000  275.35000  13.5%     -    0s
     0     0  275.70000    0   32  318.30000  275.70000  13.4%     -    0s
     0     0  275.70000    0   29  318.30000  275.70000  13.4%     -    0s
     0     0  275.70000    0   33  318.30000  275.70000  13.4%     -    0s
     0     0  275.70000    0   28  318.30000  275.70000  13.4%     -    0s
     0     0  275.70000    0   26  318.30000  275.70000  13.4%     -    0s
     0     0  275.70000    0   28  318.30000  275.70000  13.4%     -    0s
     0     0  275.70000    0   28  318.30000  275.70000  13.4%     -    1s
     0     2  275.70000    0   28  318.30000  275.70000  13.4%     -    1s
*   22    27               4     293.2000000  284.50000  2.97%  15.4    3s
H   45    27                     286.1000000  284.50000  0.56%  12.4    4s
   256    91  284.67013    9   42  286.10000  284.57013  0.53%   9.9    5s
H  276    96                     286.0000000  284.57013  0.50%  10.0    5s

Cutting planes:
  Learned: 14
  Gomory: 6
  Implied bound: 50
  MIR: 13
  Zero half: 1
  Mod-K: 2

Explored 1204 nodes (12693 simplex iterations) in 8.55 seconds
Thread count was 8 (of 8 available processors)

Optimal solution found (tolerance 1.00e-04)
Best objective 2.860000000000e+02, best bound 2.860000000000e+02, gap 0.0%
Optimize a model with 2532 rows, 2756 columns and 12012 nonzeros
Coefficient statistics:
  Matrix range    [1e+00, 2e+02]
  Objective range [2e+00, 5e+01]
  Bounds range    [1e+00, 2e+02]
  RHS range       [1e+00, 2e+02]
Found heuristic solution: objective 1247.3
Presolve removed 16 rows and 52 columns
Presolve time: 0.07s
Presolved: 2516 rows, 2704 columns, 11420 nonzeros
Variable types: 0 continuous, 2704 integer (2658 binary)

Root relaxation: objective 1.504712e+02, 163 iterations, 0.01 seconds

    Nodes    |    Current Node    |     Objective Bounds      |     Work
 Expl Unexpl |  Obj  Depth IntInf | Incumbent    BestBd   Gap | It/Node Time

     0     0  150.47117    0   92 1247.30000  150.47117  87.9%     -    0s
H    0     0                     385.7000000  150.47117  61.0%     -    0s
H    0     0                     337.0000000  150.47117  55.3%     -    0s
     0     0  197.17435    0  100  337.00000  197.17435  41.5%     -    0s
     0     0  201.80000    0   99  337.00000  201.80000  40.1%     -    0s
     0     0  201.80000    0  105  337.00000  201.80000  40.1%     -    0s
     0     0  201.80000    0   74  337.00000  201.80000  40.1%     -    1s
     0     2  201.80000    0   74  337.00000  201.80000  40.1%     -    2s
    26    37  203.97234    9  125  337.00000  202.40000  39.9%  20.1    9s
H   27    37                     226.2000000  202.40000  10.5%  19.3    9s
H   34    41                     220.5000000  202.40000  8.21%  18.9    9s
    51    37  206.36899   13  123  220.50000  202.65316  8.09%  19.2   10s
  1138   586  217.65351   53   52  220.50000  205.25316  6.91%   8.3   15s
H 1770   898                     219.7000000  206.25536  6.12%   8.6   21s
  1773   900  208.10249   11  109  219.70000  206.25536  6.12%   8.5   27s
  1775   901  213.75455    9  137  219.70000  206.25536  6.12%   8.5   33s
  1776   902  210.50000   17  118  219.70000  206.25536  6.12%   8.5   36s
  1778   903  215.46769   40  132  219.70000  206.25536  6.12%   8.5   42s
  1780   904  212.96381   11  130  219.70000  206.25536  6.12%   8.5   46s
  1782   906  216.39715   33  132  219.70000  206.25536  6.12%   8.5   51s
  1787   910  216.60487   36  113  219.70000  206.25536  6.12%   9.4   56s
  1789   911  207.69063    8  131  219.70000  206.25536  6.12%   9.4   60s
  1792   913  212.30000   13  131  219.70000  206.25536  6.12%   9.4   66s
  1794   915  215.50555   31  111  219.70000  206.25536  6.12%   9.4   71s
  1797   917  207.48879   10  109  219.70000  206.25536  6.12%   9.4   75s
H 1797   870                     218.2000000  206.25536  5.47%   9.4   76s
  1802   874  216.39715   33  105  218.20000  206.25536  5.47%  10.3   80s
  1805   876  209.24667   13  105  218.20000  206.25536  5.47%  10.3   86s
  1808   878  211.75365   12   95  218.20000  206.25536  5.47%  10.2   90s
  1810   881  206.29708   34   92  218.20000  206.29708  5.46%  11.0   96s
  1814   884  206.32601   36   64  218.20000  206.32601  5.44%  11.2  100s
H 1842   886                     215.5000000  206.32601  4.26%  11.4  102s
  1987   927  206.72851   47  111  215.50000  206.32601  4.26%  12.2  106s
  2059   944  207.07195   51  112  215.50000  206.32601  4.26%  12.2  110s
  2410  1054  209.75518   70   71  215.50000  206.32601  4.26%  12.2  117s
  2960  1191     cutoff   98       215.50000  206.32601  4.26%  12.2  121s

Cutting planes:
  Learned: 11
  Gomory: 19
  Clique: 2
  MIR: 1
  Flow cover: 9
  Zero half: 39

Explored 3839 nodes (47179 simplex iterations) in 123.82 seconds
Thread count was 8 (of 8 available processors)

Solve interrupted
Best objective 2.155000000000e+02, best bound 2.064000000000e+02, gap 4.2227%
Optimize a model with 2532 rows, 2756 columns and 12012 nonzeros
Coefficient statistics:
  Matrix range    [1e+00, 1e+02]
  Objective range [2e+00, 5e+01]
  Bounds range    [1e+00, 6e+01]
  RHS range       [1e+00, 6e+01]
Presolve removed 108 rows and 144 columns
Presolve time: 0.05s
Presolved: 2424 rows, 2612 columns, 10971 nonzeros
Variable types: 0 continuous, 2612 integer (2566 binary)

Root relaxation: objective 1.586371e+02, 172 iterations, 0.01 seconds

    Nodes    |    Current Node    |     Objective Bounds      |     Work
 Expl Unexpl |  Obj  Depth IntInf | Incumbent    BestBd   Gap | It/Node Time

     0     0  158.63711    0   93          -  158.63711      -     -    0s
     0     0  197.15000    0   97          -  197.15000      -     -    0s
     0     0  201.40000    0  103          -  201.40000      -     -    0s
     0     0  201.40000    0   95          -  201.40000      -     -    0s
     0     0  201.40000    0  100          -  201.40000      -     -    0s
     0     0  201.40000    0   64          -  201.40000      -     -    1s
     0     2  201.40000    0   64          -  201.40000      -     -    4s
     8    12  202.38824    6   84          -  201.80000      -  17.5    5s
  1192  1055  269.22609  115   51          -  202.25000      -  10.7   10s
  2823  2253  234.91473   52   63          -  202.30000      -  10.8   15s
H 3298  2540                     458.9000000  202.30000  55.9%  10.5   16s
  3715  2863  258.06188   89  113  458.90000  202.30000  55.9%  10.3   22s
  3717  2865  204.33680   20  102  458.90000  202.30000  55.9%  10.3   27s
  3718  2865  256.91127   99   94  458.90000  202.31060  55.9%  10.3   30s
  3720  2867  218.29799   79  126  458.90000  204.28292  55.5%  10.3   35s
  3722  2868  328.26539  104  136  458.90000  205.31948  55.3%  10.3   40s
  3724  2869  265.71355   94  149  458.90000  205.63962  55.2%  10.3   45s
H 3725  2726                     352.3000000  205.99906  41.5%  10.3   50s
  3728  2728  209.85920   33  128  352.30000  206.11321  41.5%  10.3   57s
H 3728  2591                     268.4000000  206.20332  23.2%  10.3   65s
  3731  2593  208.04043   31  140  268.40000  206.24574  23.2%  10.2   72s
  3733  2594  210.47512   35  136  268.40000  206.25590  23.2%  10.2   77s
  3735  2596  258.06188   89  136  268.40000  206.25612  23.2%  10.2   80s
  3739  2599  233.66933   72  111  268.40000  206.25612  23.2%  11.1   85s
  3741  2601  206.25612   11  120  268.40000  206.25612  23.2%  11.1   91s
  3743  2602  220.45882   48  130  268.40000  206.25612  23.2%  11.1   97s
  3744  2603  265.71355   94  130  268.40000  206.25612  23.2%  11.1  100s
  3748  2607  206.30612   25  131  268.40000  206.30612  23.1%  11.4  114s
  3749  2608  209.65296   25  134  268.40000  206.31330  23.1%  11.5  115s
  3752  2610  206.85741   27  135  268.40000  206.36844  23.1%  11.5  120s
H 3753  2480                     267.9000000  206.36844  23.0%  11.5  122s
  3765  2500  208.01357   30  123  267.90000  206.58220  22.9%  11.8  125s
  3790  2508  209.58654   32  133  267.90000  206.64946  22.9%  12.0  131s
H 3793  2385                     267.7000000  206.64946  22.8%  12.0  131s
  3914  2462  221.96577   38  111  267.70000  206.64946  22.8%  12.9  136s
  4151  2602  241.80331   49   97  267.70000  206.64946  22.8%  13.7  141s
  4690  2867  244.82200   71   93  267.70000  206.64946  22.8%  14.2  148s
H 5199  2925                     262.1000000  206.64946  21.2%  14.1  155s
H 5244  2802                     261.3000000  206.64946  20.9%  14.3  155s
  5495  2885  207.50663   29  134  261.30000  207.47787  20.6%  15.0  162s
  5794  2990  242.56893   58   71  261.30000  207.50762  20.6%  15.4  167s
  6741  3447  251.23193  108   22  261.30000  208.68951  20.1%  15.0  170s
  7043  3566  241.29871   35  127  261.30000  209.52964  19.8%  15.5  176s
  8278  4188  226.09428   40  111  261.30000  212.47004  18.7%  14.9  181s
  8800  4447  244.21154  139   47  261.30000  212.73049  18.6%  14.9  188s
 10402  5342  222.26640  132   82  261.30000  212.73252  18.6%  14.1  196s
 12164  6786     cutoff   55       261.30000  212.90242  18.5%  13.6  201s
 12735  7200  244.41417   97   60  261.30000  213.39880  18.3%  13.9  210s
 15000  9116  243.14246  177   80  261.30000  213.76844  18.2%  13.2  220s
 17695 11398     cutoff  122       261.30000  213.84501  18.2%  12.5  225s
 18244 11817  258.24543   81   74  261.30000  213.93270  18.1%  12.7  235s
 19292 12750  249.95358  157   79  261.30000  213.94858  18.1%  12.4  240s
 20095 13322  250.68964   55   92  261.30000  213.99309  18.1%  12.6  247s
 22219 15122  246.94032   41  109  261.30000  214.16958  18.0%  12.4  252s
 23404 16059  254.95132   81   87  261.30000  214.25814  18.0%  12.4  258s
 24885 17326 infeasible  170       261.30000  214.34160  18.0%  12.2  263s
 25350 17669  241.77602   58   94  261.30000  214.42334  17.9%  12.3  269s
 27169 19063  216.96972   47   71  261.30000  214.47696  17.9%  12.3  274s
 27998 19672  215.21897   45  114  261.30000  214.53917  17.9%  12.3  280s

Cutting planes:
  Learned: 12
  Gomory: 27
  Implied bound: 19
  Clique: 6
  MIR: 1
  Flow cover: 19
  Zero half: 35

Explored 29833 nodes (365401 simplex iterations) in 281.44 seconds
Thread count was 8 (of 8 available processors)

Solve interrupted
Best objective 2.613000000000e+02, best bound 2.147000000000e+02, gap 17.8339%
Optimize a model with 2532 rows, 2960 columns and 12012 nonzeros
Coefficient statistics:
  Matrix range    [1e+00, 1e+02]
  Objective range [2e+00, 1e+02]
  Bounds range    [1e+00, 6e+01]
  RHS range       [1e+00, 6e+01]
Presolve removed 109 rows and 349 columns
Presolve time: 0.07s
Presolved: 2423 rows, 2611 columns, 10967 nonzeros
Variable types: 0 continuous, 2611 integer (2475 binary)

Root relaxation: objective 1.586371e+02, 166 iterations, 0.01 seconds

    Nodes    |    Current Node    |     Objective Bounds      |     Work
 Expl Unexpl |  Obj  Depth IntInf | Incumbent    BestBd   Gap | It/Node Time

     0     0  158.63711    0   96          -  158.63711      -     -    0s
     0     0  197.15000    0   90          -  197.15000      -     -    0s
     0     0  199.60000    0   91          -  199.60000      -     -    0s
     0     0  199.60000    0   97          -  199.60000      -     -    0s
     0     0  199.60000    0   73          -  199.60000      -     -    0s
     0     0  199.60000    0   65          -  199.60000      -     -    1s
     0     0  199.60000    0   67          -  199.60000      -     -    1s
     0     0  199.60000    0   67          -  199.60000      -     -    1s
     0     2  199.60000    0   67          -  199.60000      -     -    6s
   270   280  212.45863   73   59          -  201.00000      -  10.7   10s
  1004   934  267.13055  141   43          -  201.00000      -  11.3   15s
  2358  2012  263.42210   76   23          -  201.85000      -  11.0   21s
  3312  2737  246.10358   59   67          -  201.85000      -  10.5   27s
  3314  2738  233.93863  151  110          -  201.85000      -  10.5   30s
  3316  2740  302.62562  179  105          -  201.85000      -  10.5   37s
  3317  2740  210.58652   33  128          -  203.28899      -  10.5   40s
  3319  2742  257.20579  131  140          -  204.88365      -  10.5   48s
  3320  2742  214.92143   26  143          -  204.91348      -  10.5   50s
  3322  2744  266.05415  186  136          -  204.92299      -  10.5   59s
  3323  2744  205.37185   50  140          -  205.13036      -  10.5   62s
  3324  2745  215.76857   29  141          -  205.13036      -  10.5   65s
  3326  2746  294.66911  149  130          -  205.13036      -  10.5   79s
  3327  2749  205.13204   15  129          -  205.13204      -   0.5   83s
  3328  2750  205.29909   15  100          -  205.24977      -   0.5   85s
  3331  2752  205.35382   17  133          -  205.35382      -   0.5   92s

Cutting planes:
  Learned: 12
  Gomory: 18
  Flow cover: 6
  Zero half: 6

Explored 3336 nodes (37872 simplex iterations) in 94.67 seconds
Thread count was 8 (of 8 available processors)

Solve interrupted
Best objective -, best bound 2.056000000000e+02, gap -
Optimize a model with 2532 rows, 2756 columns and 12012 nonzeros
Coefficient statistics:
  Matrix range    [1e+00, 1e+02]
  Objective range [2e+00, 5e+01]
  Bounds range    [1e+00, 6e+01]
  RHS range       [1e+00, 6e+01]
Presolve removed 108 rows and 144 columns
Presolve time: 0.05s
Presolved: 2424 rows, 2612 columns, 10971 nonzeros
Variable types: 0 continuous, 2612 integer (2576 binary)

Root relaxation: objective 2.470283e+02, 206 iterations, 0.01 seconds

    Nodes    |    Current Node    |     Objective Bounds      |     Work
 Expl Unexpl |  Obj  Depth IntInf | Incumbent    BestBd   Gap | It/Node Time

     0     0  247.02833    0   86          -  247.02833      -     -    0s
     0     0  275.35000    0   79          -  275.35000      -     -    0s
     0     0  275.70000    0   75          -  275.70000      -     -    0s
     0     0  275.70000    0   91          -  275.70000      -     -    0s
     0     0  275.70000    0   62          -  275.70000      -     -    1s
     0     2  275.70000    0   60          -  275.70000      -     -    3s
    78    77  276.13806   12   51          -  275.75429      -   7.4    5s
  1637  1395  277.47469   58   62          -  275.90833      -   5.0   10s

Cutting planes:
  Learned: 13
  Gomory: 12
  Clique: 1
  Flow cover: 9
  Zero half: 11

Explored 1638 nodes (8965 simplex iterations) in 12.97 seconds
Thread count was 8 (of 8 available processors)

Solve interrupted
Best objective -, best bound 2.760000000000e+02, gap -
Optimize a model with 2532 rows, 2756 columns and 12012 nonzeros
Coefficient statistics:
  Matrix range    [1e+00, 2e+02]
  Objective range [2e+00, 5e+01]
  Bounds range    [1e+00, 1e+02]
  RHS range       [1e+00, 1e+02]
Found heuristic solution: objective 1407.6
Presolve removed 16 rows and 52 columns
Presolve time: 0.05s
Presolved: 2516 rows, 2704 columns, 11420 nonzeros
Variable types: 0 continuous, 2704 integer (2668 binary)

Root relaxation: objective 2.421160e+02, 201 iterations, 0.01 seconds

    Nodes    |    Current Node    |     Objective Bounds      |     Work
 Expl Unexpl |  Obj  Depth IntInf | Incumbent    BestBd   Gap | It/Node Time

     0     0  242.11604    0   80 1407.60000  242.11604  82.8%     -    0s
H    0     0                     651.5000000  242.11604  62.8%     -    0s
H    0     0                     377.0000000  242.11604  35.8%     -    0s
     0     0  275.35000    0   76  377.00000  275.35000  27.0%     -    0s
     0     0  275.35000    0   79  377.00000  275.35000  27.0%     -    0s
     0     0  275.70000    0   32  377.00000  275.70000  26.9%     -    0s
     0     0  275.70000    0   36  377.00000  275.70000  26.9%     -    0s
     0     0  275.70000    0   31  377.00000  275.70000  26.9%     -    0s
     0     2  275.70000    0   30  377.00000  275.70000  26.9%     -    1s
*   25    31               4     293.2000000  278.14444  5.13%  15.9    2s
*   64    50               5     287.7000000  278.14444  3.32%  14.5    2s
*   66    49               5     286.1000000  278.14444  2.78%  14.2    2s
*  429   143              13     286.0000000  284.50000  0.52%   9.9    3s
  1058   222  285.68710   11   45  286.00000  284.61633  0.48%   9.0    5s

Cutting planes:
  Learned: 15
  Gomory: 8
  Implied bound: 54
  MIR: 18

Explored 2880 nodes (23876 simplex iterations) in 8.30 seconds
Thread count was 8 (of 8 available processors)

Optimal solution found (tolerance 1.00e-04)
Best objective 2.860000000000e+02, best bound 2.860000000000e+02, gap 0.0%
Optimize a model with 2532 rows, 2756 columns and 12012 nonzeros
Coefficient statistics:
  Matrix range    [1e+00, 2e+02]
  Objective range [1e+00, 5e+01]
  Bounds range    [1e+00, 1e+02]
  RHS range       [1e+00, 1e+02]
Found heuristic solution: objective 1403
Presolve removed 16 rows and 52 columns
Presolve time: 0.04s
Presolved: 2516 rows, 2704 columns, 11420 nonzeros
Variable types: 0 continuous, 2704 integer (2668 binary)

Root relaxation: objective 2.188918e+02, 196 iterations, 0.01 seconds

    Nodes    |    Current Node    |     Objective Bounds      |     Work
 Expl Unexpl |  Obj  Depth IntInf | Incumbent    BestBd   Gap | It/Node Time

     0     0  218.89177    0   73 1403.00000  218.89177  84.4%     -    0s
H    0     0                     316.0000000  218.89177  30.7%     -    0s
     0     0  249.00000    0   79  316.00000  249.00000  21.2%     -    0s
     0     0  251.00000    0   80  316.00000  251.00000  20.6%     -    0s
     0     0  251.00000    0   81  316.00000  251.00000  20.6%     -    0s
     0     0  251.00000    0   20  316.00000  251.00000  20.6%     -    0s
H    0     0                     267.0000000  251.00000  5.99%     -    1s
     0     0  251.00000    0   85  267.00000  251.00000  5.99%     -    2s
H    0     0                     263.0000000  251.00000  4.56%     -    2s
     0     0  251.00000    0   59  263.00000  251.00000  4.56%     -    2s
     0     0  251.19925    0   89  263.00000  251.19925  4.49%     -    3s
     0     0  251.19925    0   86  263.00000  251.19925  4.49%     -    3s
     0     0  251.19925    0   61  263.00000  251.19925  4.49%     -    3s
     0     0  251.19925    0   99  263.00000  251.19925  4.49%     -    4s
     0     0  251.71429    0   93  263.00000  251.71429  4.29%     -    4s
     0     0  251.71429    0   92  263.00000  251.71429  4.29%     -    4s
     0     0  251.71429    0   82  263.00000  251.71429  4.29%     -    4s
     0     2  251.71429    0   81  263.00000  251.71429  4.29%     -    5s
H   27    22                     262.0000000  259.00000  1.15%  17.4    5s
*  121    12              20     261.0000000  259.00000  0.77%  10.1    6s

Cutting planes:
  Learned: 12
  Gomory: 11
  MIR: 5
  Mod-K: 1

Explored 265 nodes (4033 simplex iterations) in 6.11 seconds
Thread count was 8 (of 8 available processors)

Optimal solution found (tolerance 1.00e-04)
Best objective 2.610000000000e+02, best bound 2.610000000000e+02, gap 0.0%
Optimize a model with 2568 rows, 2756 columns and 12048 nonzeros
Coefficient statistics:
  Matrix range    [1e+00, 2e+02]
  Objective range [1e+00, 5e+01]
  Bounds range    [1e+00, 1e+02]
  RHS range       [1e+00, 1e+02]
Found heuristic solution: objective 1426
Presolve removed 814 rows and 389 columns
Presolve time: 0.06s
Presolved: 1754 rows, 2367 columns, 8951 nonzeros
Variable types: 0 continuous, 2367 integer (2331 binary)

Root relaxation: objective 2.336079e+02, 163 iterations, 0.00 seconds

    Nodes    |    Current Node    |     Objective Bounds      |     Work
 Expl Unexpl |  Obj  Depth IntInf | Incumbent    BestBd   Gap | It/Node Time

     0     0  233.60795    0   73 1426.00000  233.60795  83.6%     -    0s
H    0     0                    1088.0000000  233.60795  78.5%     -    0s
H    0     0                     345.0000000  233.60795  32.3%     -    0s
H    0     0                     273.0000000  233.60795  14.4%     -    0s
     0     0  261.04969    0   75  273.00000  261.04969  4.38%     -    0s
     0     0  262.50000    0   34  273.00000  262.50000  3.85%     -    0s
     0     0  262.50000    0   83  273.00000  262.50000  3.85%     -    0s
     0     0  262.72527    0   59  273.00000  262.72527  3.76%     -    0s
     0     0  264.00000    0   50  273.00000  264.00000  3.30%     -    1s
H    0     0                     269.0000000  264.00000  1.86%     -    1s
     0     0  264.50000    0   41  269.00000  264.50000  1.67%     -    1s
     0     0  264.50000    0   84  269.00000  264.50000  1.67%     -    1s
     0     0  264.50000    0   52  269.00000  264.50000  1.67%     -    1s
     0     0  264.50000    0   71  269.00000  264.50000  1.67%     -    1s
     0     0  264.55381    0   42  269.00000  264.55381  1.65%     -    1s
     0     0  264.66667    0   45  269.00000  264.66667  1.61%     -    2s
     0     0  264.66667    0   41  269.00000  264.66667  1.61%     -    2s
     0     0  264.66667    0   41  269.00000  264.66667  1.61%     -    2s
     0     0  264.66667    0   50  269.00000  264.66667  1.61%     -    2s
     0     0  264.66667    0   50  269.00000  264.66667  1.61%     -    2s
     0     0  264.66667    0   78  269.00000  264.66667  1.61%     -    2s
     0     0  265.37234    0   45  269.00000  265.37234  1.35%     -    3s
     0     0  266.00000    0   29  269.00000  266.00000  1.12%     -    3s
     0     0  266.00000    0   29  269.00000  266.00000  1.12%     -    3s
     0     0  266.00000    0   29  269.00000  266.00000  1.12%     -    3s
     0     0  266.00000    0   62  269.00000  266.00000  1.12%     -    3s
     0     0  266.00000    0   29  269.00000  266.00000  1.12%     -    3s
     0     0  266.00000    0   29  269.00000  266.00000  1.12%     -    3s
     0     0  266.00000    0   29  269.00000  266.00000  1.12%     -    3s
     0     2  266.00000    0   29  269.00000  266.00000  1.12%     -    4s

Cutting planes:
  Learned: 8
  Gomory: 9
  Cover: 3
  Implied bound: 2
  Clique: 7
  MIR: 10
  GUB cover: 7

Explored 45 nodes (2724 simplex iterations) in 4.24 seconds
Thread count was 8 (of 8 available processors)

Optimal solution found (tolerance 1.00e-04)
Best objective 2.690000000000e+02, best bound 2.690000000000e+02, gap 0.0%
Optimize a model with 2604 rows, 2756 columns and 12084 nonzeros
Coefficient statistics:
  Matrix range    [1e+00, 2e+02]
  Objective range [1e+00, 5e+01]
  Bounds range    [1e+00, 1e+02]
  RHS range       [1e+00, 3e+02]
Found heuristic solution: objective 1426
Presolve removed 852 rows and 389 columns
Presolve time: 0.06s
Presolved: 1752 rows, 2367 columns, 8947 nonzeros
Variable types: 0 continuous, 2367 integer (2331 binary)

Root relaxation: objective 2.336264e+02, 167 iterations, 0.01 seconds

    Nodes    |    Current Node    |     Objective Bounds      |     Work
 Expl Unexpl |  Obj  Depth IntInf | Incumbent    BestBd   Gap | It/Node Time

     0     0  233.62643    0   73 1426.00000  233.62643  83.6%     -    0s
H    0     0                    1013.0000000  233.62643  76.9%     -    0s
H    0     0                     345.0000000  233.62643  32.3%     -    0s
H    0     0                     282.0000000  233.62643  17.2%     -    0s
     0     0  261.04969    0   72  282.00000  261.04969  7.43%     -    0s
     0     0  263.00000    0   41  282.00000  263.00000  6.74%     -    0s
     0     0  263.00000    0   82  282.00000  263.00000  6.74%     -    0s
     0     0  263.22527    0   57  282.00000  263.22527  6.66%     -    1s
     0     0  264.25000    0   45  282.00000  264.25000  6.29%     -    1s
     0     0  264.50000    0   54  282.00000  264.50000  6.21%     -    1s
     0     0  264.50000    0   54  282.00000  264.50000  6.21%     -    2s
     0     0  264.50000    0   52  282.00000  264.50000  6.21%     -    2s
     0     0  264.50000    0   44  282.00000  264.50000  6.21%     -    2s
     0     0  264.50000    0   49  282.00000  264.50000  6.21%     -    3s
     0     0  264.50000    0   45  282.00000  264.50000  6.21%     -    3s
     0     0  264.50000    0   82  282.00000  264.50000  6.21%     -    4s
     0     0  264.50000    0   93  282.00000  264.50000  6.21%     -    4s
     0     0  264.50000    0   59  282.00000  264.50000  6.21%     -    4s
     0     0  264.50000    0   53  282.00000  264.50000  6.21%     -    5s
     0     0  264.50000    0   53  282.00000  264.50000  6.21%     -    5s
H    0     2                     271.0000000  264.50000  2.40%     -    6s
     0     2  264.50000    0   51  271.00000  264.50000  2.40%     -    6s
*  209    57              19     270.0000000  266.88000  1.16%   7.0    7s
*  245    44               6     269.0000000  267.00000  0.74%   6.9    7s

Cutting planes:
  Learned: 9
  Gomory: 11
  Cover: 4
  Implied bound: 5
  Clique: 4
  MIR: 5
  GUB cover: 7

Explored 558 nodes (5396 simplex iterations) in 7.80 seconds
Thread count was 8 (of 8 available processors)

Optimal solution found (tolerance 1.00e-04)
Best objective 2.690000000000e+02, best bound 2.690000000000e+02, gap 0.0%

Gurobi 6.0.0 (linux64) logging started Mon 02 Mar 2015 07:42:40 PM CET

Optimize a model with 2604 rows, 2756 columns and 12084 nonzeros
Coefficient statistics:
  Matrix range    [1e+00, 2e+02]
  Objective range [1e+00, 5e+01]
  Bounds range    [1e+00, 1e+02]
  RHS range       [1e+00, 3e+02]
Found heuristic solution: objective 1426
Presolve removed 852 rows and 389 columns
Presolve time: 0.06s
Presolved: 1752 rows, 2367 columns, 8947 nonzeros
Variable types: 0 continuous, 2367 integer (2331 binary)

Root relaxation: objective 2.336264e+02, 167 iterations, 0.01 seconds

    Nodes    |    Current Node    |     Objective Bounds      |     Work
 Expl Unexpl |  Obj  Depth IntInf | Incumbent    BestBd   Gap | It/Node Time

     0     0  233.62643    0   73 1426.00000  233.62643  83.6%     -    0s
H    0     0                    1013.0000000  233.62643  76.9%     -    0s
H    0     0                     345.0000000  233.62643  32.3%     -    0s
H    0     0                     282.0000000  233.62643  17.2%     -    0s
     0     0  261.04969    0   72  282.00000  261.04969  7.43%     -    0s
     0     0  263.00000    0   41  282.00000  263.00000  6.74%     -    0s
     0     0  263.00000    0   82  282.00000  263.00000  6.74%     -    0s
     0     0  263.22527    0   57  282.00000  263.22527  6.66%     -    1s
     0     0  264.25000    0   45  282.00000  264.25000  6.29%     -    1s
     0     0  264.50000    0   54  282.00000  264.50000  6.21%     -    1s
     0     0  264.50000    0   54  282.00000  264.50000  6.21%     -    2s
     0     0  264.50000    0   52  282.00000  264.50000  6.21%     -    2s
     0     0  264.50000    0   44  282.00000  264.50000  6.21%     -    2s
     0     0  264.50000    0   49  282.00000  264.50000  6.21%     -    3s
     0     0  264.50000    0   45  282.00000  264.50000  6.21%     -    3s
     0     0  264.50000    0   82  282.00000  264.50000  6.21%     -    4s
     0     0  264.50000    0   93  282.00000  264.50000  6.21%     -    4s
     0     0  264.50000    0   59  282.00000  264.50000  6.21%     -    5s
     0     0  264.50000    0   53  282.00000  264.50000  6.21%     -    5s
     0     0  264.50000    0   53  282.00000  264.50000  6.21%     -    5s
H    0     2                     271.0000000  264.50000  2.40%     -    6s
     0     2  264.50000    0   51  271.00000  264.50000  2.40%     -    6s
*  209    57              19     270.0000000  266.88000  1.16%   7.0    7s
*  245    44               6     269.0000000  267.00000  0.74%   6.9    7s

Cutting planes:
  Learned: 9
  Gomory: 11
  Cover: 4
  Implied bound: 5
  Clique: 4
  MIR: 5
  GUB cover: 7

Explored 558 nodes (5396 simplex iterations) in 7.88 seconds
Thread count was 8 (of 8 available processors)

Optimal solution found (tolerance 1.00e-04)
Best objective 2.690000000000e+02, best bound 2.690000000000e+02, gap 0.0%

Gurobi 6.0.0 (linux64) logging started Mon Mar  2 20:06:36 2015

Optimize a model with 2604 rows, 2756 columns and 12084 nonzeros
Coefficient statistics:
  Matrix range    [1e+00, 2e+02]
  Objective range [1e+00, 5e+01]
  Bounds range    [1e+00, 1e+02]
  RHS range       [1e+00, 3e+02]
Found heuristic solution: objective 1426
Presolve removed 852 rows and 389 columns
Presolve time: 0.06s
Presolved: 1752 rows, 2367 columns, 8947 nonzeros
Variable types: 0 continuous, 2367 integer (2331 binary)

Root relaxation: objective 2.336264e+02, 167 iterations, 0.01 seconds

    Nodes    |    Current Node    |     Objective Bounds      |     Work
 Expl Unexpl |  Obj  Depth IntInf | Incumbent    BestBd   Gap | It/Node Time

     0     0  233.62643    0   73 1426.00000  233.62643  83.6%     -    0s
H    0     0                    1013.0000000  233.62643  76.9%     -    0s
H    0     0                     345.0000000  233.62643  32.3%     -    0s
H    0     0                     282.0000000  233.62643  17.2%     -    0s
     0     0  261.04969    0   72  282.00000  261.04969  7.43%     -    0s
     0     0  263.00000    0   41  282.00000  263.00000  6.74%     -    0s
     0     0  263.00000    0   82  282.00000  263.00000  6.74%     -    0s
     0     0  263.22527    0   57  282.00000  263.22527  6.66%     -    1s
     0     0  264.25000    0   45  282.00000  264.25000  6.29%     -    1s
     0     0  264.50000    0   54  282.00000  264.50000  6.21%     -    1s
     0     0  264.50000    0   54  282.00000  264.50000  6.21%     -    2s
     0     0  264.50000    0   52  282.00000  264.50000  6.21%     -    2s
     0     0  264.50000    0   44  282.00000  264.50000  6.21%     -    2s
     0     0  264.50000    0   49  282.00000  264.50000  6.21%     -    3s
     0     0  264.50000    0   45  282.00000  264.50000  6.21%     -    3s
     0     0  264.50000    0   82  282.00000  264.50000  6.21%     -    4s
     0     0  264.50000    0   93  282.00000  264.50000  6.21%     -    4s
     0     0  264.50000    0   59  282.00000  264.50000  6.21%     -    5s
     0     0  264.50000    0   53  282.00000  264.50000  6.21%     -    5s
     0     0  264.50000    0   53  282.00000  264.50000  6.21%     -    5s
H    0     2                     271.0000000  264.50000  2.40%     -    6s
     0     2  264.50000    0   51  271.00000  264.50000  2.40%     -    6s
*  209    57              19     270.0000000  266.88000  1.16%   7.0    7s
*  245    44               6     269.0000000  267.00000  0.74%   6.9    7s

Cutting planes:
  Learned: 9
  Gomory: 11
  Cover: 4
  Implied bound: 5
  Clique: 4
  MIR: 5
  GUB cover: 7

Explored 558 nodes (5396 simplex iterations) in 7.77 seconds
Thread count was 8 (of 8 available processors)

Optimal solution found (tolerance 1.00e-04)
Best objective 2.690000000000e+02, best bound 2.690000000000e+02, gap 0.0%
Optimize a model with 2604 rows, 2756 columns and 12084 nonzeros
Coefficient statistics:
  Matrix range    [1e+00, 2e+02]
  Objective range [1e+00, 5e+01]
  Bounds range    [1e+00, 1e+02]
  RHS range       [1e+00, 3e+02]
Presolve removed 442 rows and 626 columns
Presolve time: 0.00s

Explored 0 nodes (0 simplex iterations) in 0.01 seconds
Thread count was 1 (of 8 available processors)

Model is infeasible
Best objective -, best bound -, gap -
Optimize a model with 2604 rows, 2756 columns and 12084 nonzeros
Coefficient statistics:
  Matrix range    [1e+00, 2e+02]
  Objective range [1e+00, 5e+01]
  Bounds range    [1e+00, 1e+02]
  RHS range       [1e+00, 3e+02]
Presolve removed 478 rows and 482 columns
Presolve time: 0.00s

Explored 0 nodes (0 simplex iterations) in 0.01 seconds
Thread count was 1 (of 8 available processors)

Model is infeasible
Best objective -, best bound -, gap -
Optimize a model with 2604 rows, 2756 columns and 12084 nonzeros
Coefficient statistics:
  Matrix range    [1e+00, 2e+02]
  Objective range [1e+00, 5e+01]
  Bounds range    [1e+00, 1e+02]
  RHS range       [1e+00, 3e+02]
Found heuristic solution: objective 1304
Presolve removed 882 rows and 424 columns
Presolve time: 0.06s
Presolved: 1722 rows, 2332 columns, 8787 nonzeros
Variable types: 0 continuous, 2332 integer (2296 binary)

Root relaxation: objective 2.360197e+02, 162 iterations, 0.00 seconds

    Nodes    |    Current Node    |     Objective Bounds      |     Work
 Expl Unexpl |  Obj  Depth IntInf | Incumbent    BestBd   Gap | It/Node Time

     0     0  236.01965    0   65 1304.00000  236.01965  81.9%     -    0s
H    0     0                     978.0000000  236.01965  75.9%     -    0s
H    0     0                     347.0000000  236.01965  32.0%     -    0s
H    0     0                     294.0000000  236.01965  19.7%     -    0s
     0     0  262.10480    0   81  294.00000  262.10480  10.8%     -    0s
     0     0  263.10072    0   83  294.00000  263.10072  10.5%     -    0s
     0     0  265.33333    0   91  294.00000  265.33333  9.75%     -    0s
     0     0  266.04762    0  101  294.00000  266.04762  9.51%     -    0s
     0     0  266.04762    0   80  294.00000  266.04762  9.51%     -    0s
     0     0  266.04762    0   65  294.00000  266.04762  9.51%     -    1s
     0     0  266.04762    0   69  294.00000  266.04762  9.51%     -    2s
     0     0  266.04762    0   74  294.00000  266.04762  9.51%     -    2s
     0     0  266.66667    0   96  294.00000  266.66667  9.30%     -    2s
     0     0  266.71429    0  101  294.00000  266.71429  9.28%     -    2s
     0     0  266.71429    0  101  294.00000  266.71429  9.28%     -    3s
H    0     0                     293.0000000  266.71429  8.97%     -    4s
     0     2  266.71429    0   81  293.00000  266.71429  8.97%     -    4s
     2     4  269.76190    2   81  293.00000  269.76190  7.93%  73.5    5s
*  134    93              14     280.0000000  270.61905  3.35%   8.3    5s
*  213    85              23     277.0000000  270.61905  2.30%   8.0    6s
*  302    52              15     276.0000000  272.00000  1.45%   7.9    6s
*  569    14              15     275.0000000  272.00000  1.09%   7.4    6s

Cutting planes:
  Learned: 11
  Gomory: 17
  Cover: 11
  Implied bound: 41
  Clique: 4
  MIR: 2

Explored 760 nodes (6189 simplex iterations) in 6.53 seconds
Thread count was 8 (of 8 available processors)

Optimal solution found (tolerance 1.00e-04)
Best objective 2.750000000000e+02, best bound 2.750000000000e+02, gap 0.0%
Optimize a model with 2604 rows, 2756 columns and 12084 nonzeros
Coefficient statistics:
  Matrix range    [1e+00, 2e+02]
  Objective range [1e+00, 5e+01]
  Bounds range    [1e+00, 1e+02]
  RHS range       [1e+00, 3e+02]
Found heuristic solution: objective 1304
Presolve removed 882 rows and 424 columns
Presolve time: 0.06s
Presolved: 1722 rows, 2332 columns, 8787 nonzeros
Variable types: 0 continuous, 2332 integer (2296 binary)

Root relaxation: objective 2.360197e+02, 162 iterations, 0.00 seconds

    Nodes    |    Current Node    |     Objective Bounds      |     Work
 Expl Unexpl |  Obj  Depth IntInf | Incumbent    BestBd   Gap | It/Node Time

     0     0  236.01965    0   65 1304.00000  236.01965  81.9%     -    0s
H    0     0                     978.0000000  236.01965  75.9%     -    0s
H    0     0                     347.0000000  236.01965  32.0%     -    0s
H    0     0                     294.0000000  236.01965  19.7%     -    0s
     0     0  262.10480    0   81  294.00000  262.10480  10.8%     -    0s
     0     0  263.10072    0   83  294.00000  263.10072  10.5%     -    0s
     0     0  265.33333    0   91  294.00000  265.33333  9.75%     -    0s
     0     0  266.04762    0  101  294.00000  266.04762  9.51%     -    0s
     0     0  266.04762    0   80  294.00000  266.04762  9.51%     -    0s
     0     0  266.04762    0   65  294.00000  266.04762  9.51%     -    1s
     0     0  266.04762    0   69  294.00000  266.04762  9.51%     -    2s
     0     0  266.04762    0   74  294.00000  266.04762  9.51%     -    2s
     0     0  266.66667    0   96  294.00000  266.66667  9.30%     -    2s
     0     0  266.71429    0  101  294.00000  266.71429  9.28%     -    2s
     0     0  266.71429    0  101  294.00000  266.71429  9.28%     -    3s
H    0     0                     293.0000000  266.71429  8.97%     -    4s
     0     2  266.71429    0   81  293.00000  266.71429  8.97%     -    4s
     2     4  269.76190    2   81  293.00000  269.76190  7.93%  73.5    5s
*  134    93              14     280.0000000  270.61905  3.35%   8.3    5s
*  213    85              23     277.0000000  270.61905  2.30%   8.0    6s
*  302    52              15     276.0000000  272.00000  1.45%   7.9    6s
*  569    14              15     275.0000000  272.00000  1.09%   7.4    6s

Cutting planes:
  Learned: 11
  Gomory: 17
  Cover: 11
  Implied bound: 41
  Clique: 4
  MIR: 2

Explored 760 nodes (6189 simplex iterations) in 6.58 seconds
Thread count was 8 (of 8 available processors)

Optimal solution found (tolerance 1.00e-04)
Best objective 2.750000000000e+02, best bound 2.750000000000e+02, gap 0.0%

Gurobi 6.0.0 (linux64) logging started Tue 03 Mar 2015 09:29:18 AM CET

Optimize a model with 2604 rows, 2756 columns and 12084 nonzeros
Coefficient statistics:
  Matrix range    [1e+00, 2e+02]
  Objective range [1e+00, 5e+01]
  Bounds range    [1e+00, 1e+02]
  RHS range       [1e+00, 3e+02]
Found heuristic solution: objective 1304
Presolve removed 882 rows and 424 columns
Presolve time: 0.09s
Presolved: 1722 rows, 2332 columns, 8787 nonzeros
Variable types: 0 continuous, 2332 integer (2296 binary)

Root relaxation: objective 2.360197e+02, 162 iterations, 0.01 seconds

    Nodes    |    Current Node    |     Objective Bounds      |     Work
 Expl Unexpl |  Obj  Depth IntInf | Incumbent    BestBd   Gap | It/Node Time

     0     0  236.01965    0   65 1304.00000  236.01965  81.9%     -    0s
H    0     0                     978.0000000  236.01965  75.9%     -    0s
H    0     0                     347.0000000  236.01965  32.0%     -    0s
H    0     0                     294.0000000  236.01965  19.7%     -    0s
     0     0  262.10480    0   81  294.00000  262.10480  10.8%     -    0s
     0     0  263.10072    0   83  294.00000  263.10072  10.5%     -    0s
     0     0  265.33333    0   91  294.00000  265.33333  9.75%     -    0s
     0     0  266.04762    0  101  294.00000  266.04762  9.51%     -    0s
     0     0  266.04762    0   80  294.00000  266.04762  9.51%     -    1s
     0     0  266.04762    0   65  294.00000  266.04762  9.51%     -    2s
     0     0  266.04762    0   69  294.00000  266.04762  9.51%     -    3s
     0     0  266.04762    0   74  294.00000  266.04762  9.51%     -    3s
     0     0  266.66667    0   96  294.00000  266.66667  9.30%     -    3s
     0     0  266.71429    0  101  294.00000  266.71429  9.28%     -    3s
     0     0  266.71429    0  101  294.00000  266.71429  9.28%     -    4s
H    0     0                     293.0000000  266.71429  8.97%     -    6s
     0     2  266.71429    0   81  293.00000  266.71429  8.97%     -    6s
*  134    93              14     280.0000000  270.61905  3.35%   8.3    8s
*  213    85              23     277.0000000  270.61905  2.30%   8.0    8s
*  302    52              15     276.0000000  272.00000  1.45%   7.9    9s
*  569    14              15     275.0000000  272.00000  1.09%   7.4    9s

Cutting planes:
  Learned: 11
  Gomory: 17
  Cover: 11
  Implied bound: 41
  Clique: 4
  MIR: 2

Explored 760 nodes (6189 simplex iterations) in 9.73 seconds
Thread count was 8 (of 8 available processors)

Optimal solution found (tolerance 1.00e-04)
Best objective 2.750000000000e+02, best bound 2.750000000000e+02, gap 0.0%

Gurobi 6.0.0 (linux64) logging started Tue 03 Mar 2015 09:40:55 AM CET

Optimize a model with 2604 rows, 2756 columns and 12084 nonzeros
Coefficient statistics:
  Matrix range    [1e+00, 2e+02]
  Objective range [1e+00, 5e+01]
  Bounds range    [1e+00, 1e+02]
  RHS range       [1e+00, 3e+02]
Found heuristic solution: objective 1304
Presolve removed 882 rows and 424 columns
Presolve time: 0.09s
Presolved: 1722 rows, 2332 columns, 8787 nonzeros
Variable types: 0 continuous, 2332 integer (2296 binary)

Root relaxation: objective 2.360197e+02, 162 iterations, 0.01 seconds

    Nodes    |    Current Node    |     Objective Bounds      |     Work
 Expl Unexpl |  Obj  Depth IntInf | Incumbent    BestBd   Gap | It/Node Time

     0     0  236.01965    0   65 1304.00000  236.01965  81.9%     -    0s
H    0     0                     978.0000000  236.01965  75.9%     -    0s
H    0     0                     347.0000000  236.01965  32.0%     -    0s
H    0     0                     294.0000000  236.01965  19.7%     -    0s
     0     0  262.10480    0   81  294.00000  262.10480  10.8%     -    0s
     0     0  263.10072    0   83  294.00000  263.10072  10.5%     -    0s
     0     0  265.33333    0   91  294.00000  265.33333  9.75%     -    0s
     0     0  266.04762    0  101  294.00000  266.04762  9.51%     -    0s
     0     0  266.04762    0   80  294.00000  266.04762  9.51%     -    1s
     0     0  266.04762    0   65  294.00000  266.04762  9.51%     -    2s
     0     0  266.04762    0   69  294.00000  266.04762  9.51%     -    3s
     0     0  266.04762    0   74  294.00000  266.04762  9.51%     -    3s
     0     0  266.66667    0   96  294.00000  266.66667  9.30%     -    3s
     0     0  266.71429    0  101  294.00000  266.71429  9.28%     -    4s
     0     0  266.71429    0  101  294.00000  266.71429  9.28%     -    4s
H    0     0                     293.0000000  266.71429  8.97%     -    6s
     0     2  266.71429    0   81  293.00000  266.71429  8.97%     -    7s
*  134    93              14     280.0000000  270.61905  3.35%   8.3    8s
*  213    85              23     277.0000000  270.61905  2.30%   8.0    8s
*  302    52              15     276.0000000  272.00000  1.45%   7.9    9s
*  569    14              15     275.0000000  272.00000  1.09%   7.4    9s

Cutting planes:
  Learned: 11
  Gomory: 17
  Cover: 11
  Implied bound: 41
  Clique: 4
  MIR: 2

Explored 760 nodes (6189 simplex iterations) in 9.73 seconds
Thread count was 8 (of 8 available processors)

Optimal solution found (tolerance 1.00e-04)
Best objective 2.750000000000e+02, best bound 2.750000000000e+02, gap 0.0%

Gurobi 6.0.0 (linux64) logging started Mon 09 Mar 2015 03:29:54 PM CET


Gurobi 6.0.0 (linux64) logging started Mon 16 Mar 2015 08:35:49 PM CET


Gurobi 6.0.0 (linux64) logging started Tue 17 Mar 2015 11:00:32 AM CET


Gurobi 6.0.0 (linux64) logging started Sun 22 Mar 2015 01:21:21 PM CET


Gurobi 6.0.0 (linux64) logging started Mon 23 Mar 2015 05:48:35 PM CET


Gurobi 6.0.0 (linux64) logging started Mon 23 Mar 2015 08:19:41 PM CET


Gurobi 6.0.0 (linux64) logging started Tue 24 Mar 2015 08:24:01 AM CET


Gurobi 6.0.0 (linux64) logging started Tue 24 Mar 2015 08:59:38 AM CET


Gurobi 6.0.2 (linux64) logging started Mon 06 Apr 2015 09:50:18 PM CEST


Gurobi 6.0.2 (linux64) logging started Mon 06 Apr 2015 11:19:14 PM CEST


Gurobi 6.0.2 (linux64) logging started Mon 06 Apr 2015 11:28:49 PM CEST


Gurobi 6.0.2 (linux64) logging started Tue 07 Apr 2015 09:05:02 AM CEST


Gurobi 6.0.2 (linux64) logging started Mon 13 Apr 2015 05:11:02 PM CEST


Gurobi 6.0.2 (linux64) logging started Tue 14 Apr 2015 07:36:23 AM CEST


Gurobi 6.0.2 (linux64) logging started Tue 14 Apr 2015 09:20:31 AM CEST


Gurobi 6.0.2 (linux64) logging started Sun 19 Apr 2015 11:40:30 AM CEST


Gurobi 6.0.2 (linux64) logging started Mon 20 Apr 2015 05:58:35 PM CEST


Gurobi 6.0.2 (linux64) logging started Mon Apr 20 21:57:43 2015


Gurobi 6.0.2 (linux64) logging started Tue 21 Apr 2015 09:07:19 AM CEST


Gurobi 6.0.2 (linux64) logging started Mon 27 Apr 2015 02:27:17 PM CEST

